#
# There is insufficient memory for the Java Runtime Environment to continue.
# Native memory allocation (mmap) failed to map 102760448 bytes for G1 virtual space
# Possible reasons:
#   The system is out of physical RAM or swap space
#   The process is running with CompressedOops enabled, and the Java Heap may be blocking the growth of the native heap
# Possible solutions:
#   Reduce memory load on the system
#   Increase physical memory or swap space
#   Check if swap backing store is full
#   Decrease Java heap size (-Xmx/-Xms)
#   Decrease number of Java threads
#   Decrease Java thread stack sizes (-Xss)
#   Set larger code cache with -XX:ReservedCodeCacheSize=
#   JVM is running with Zero Based Compressed Oops mode in which the Java heap is
#     placed in the first 32GB address space. The Java Heap base address is the
#     maximum limit for the native heap growth. Please use -XX:HeapBaseMinAddress
#     to set the Java Heap base and to place the Java Heap above 32GB virtual address.
# This output file may be truncated or incomplete.
#
#  Out of Memory Error (os_windows.cpp:3769), pid=13284, tid=2400
#
# JRE version: OpenJDK Runtime Environment (17.0.6) (build 17.0.6+0-b2043.56-10027231)
# Java VM: OpenJDK 64-Bit Server VM (17.0.6+0-b2043.56-10027231, mixed mode, tiered, compressed oops, compressed class ptrs, g1 gc, windows-amd64)
# No core dump will be written. Minidumps are not enabled by default on client versions of Windows
#

---------------  S U M M A R Y ------------

Command Line: org.jetbrains.kotlin.cli.jvm.K2JVMCompiler @C:\Users\Alumno\Desktop\2dam\Kotlin\AplicacionesPMDM\app\build\20231031_1507454733184329985.compiler.options

Host: AMD Ryzen 7 1800X Eight-Core Processor         , 16 cores, 15G,  Windows 10 , 64 bit Build 19041 (10.0.19041.3570)
Time: Tue Oct 31 17:37:57 2023 Hora estándar romance elapsed time: 3.940525 seconds (0d 0h 0m 3s)

---------------  T H R E A D  ---------------

Current thread (0x000001c37ebb8bf0):  VMThread "VM Thread" [stack: 0x00000028ae000000,0x00000028ae100000] [id=2400]

Stack: [0x00000028ae000000,0x00000028ae100000]
Native frames: (J=compiled Java code, j=interpreted, Vv=VM code, C=native code)
V  [jvm.dll+0x683c9a]
V  [jvm.dll+0x8427a4]
V  [jvm.dll+0x843f9e]
V  [jvm.dll+0x844603]
V  [jvm.dll+0x249b75]
V  [jvm.dll+0x680b69]
V  [jvm.dll+0x67505a]
V  [jvm.dll+0x309acb]
V  [jvm.dll+0x310f86]
V  [jvm.dll+0x3608ee]
V  [jvm.dll+0x360b1f]
V  [jvm.dll+0x2dfbf8]
V  [jvm.dll+0x2ddec4]
V  [jvm.dll+0x2dd4cc]
V  [jvm.dll+0x321f3b]
V  [jvm.dll+0x848ccb]
V  [jvm.dll+0x849a04]
V  [jvm.dll+0x849f1d]
V  [jvm.dll+0x84a2f4]
V  [jvm.dll+0x84a3c0]
V  [jvm.dll+0x7f274a]
V  [jvm.dll+0x682ad5]
C  [ucrtbase.dll+0x21bb2]
C  [KERNEL32.DLL+0x17344]
C  [ntdll.dll+0x526b1]

VM_Operation (0x00000028adafa4a0): G1CollectForAllocation, mode: safepoint, requested by thread 0x000001c36c71aa50


---------------  P R O C E S S  ---------------

Threads class SMR info:
_java_thread_list=0x000001c316819560, length=21, elements={
0x000001c36c71aa50, 0x000001c37f42fe20, 0x000001c37f4315c0, 0x000001c37f487c00,
0x000001c37f4ac080, 0x000001c37f4aca30, 0x000001c37f4a0e00, 0x000001c37f4a2280,
0x000001c37f4a4150, 0x000001c37f4bd030, 0x000001c37f615370, 0x000001c37f61dca0,
0x000001c37f632df0, 0x000001c37f697eb0, 0x000001c30f2466f0, 0x000001c30f248690,
0x000001c30f587e50, 0x000001c3122311e0, 0x000001c31222fda0, 0x000001c3122316f0,
0x000001c312230cd0
}

Java Threads: ( => current thread )
  0x000001c36c71aa50 JavaThread "main" [_thread_blocked, id=11668, stack(0x00000028ada00000,0x00000028adb00000)]
  0x000001c37f42fe20 JavaThread "Reference Handler" daemon [_thread_blocked, id=8560, stack(0x00000028ae100000,0x00000028ae200000)]
  0x000001c37f4315c0 JavaThread "Finalizer" daemon [_thread_blocked, id=9204, stack(0x00000028ae200000,0x00000028ae300000)]
  0x000001c37f487c00 JavaThread "Signal Dispatcher" daemon [_thread_blocked, id=3092, stack(0x00000028ae300000,0x00000028ae400000)]
  0x000001c37f4ac080 JavaThread "Attach Listener" daemon [_thread_blocked, id=7204, stack(0x00000028ae400000,0x00000028ae500000)]
  0x000001c37f4aca30 JavaThread "Service Thread" daemon [_thread_blocked, id=8556, stack(0x00000028ae500000,0x00000028ae600000)]
  0x000001c37f4a0e00 JavaThread "Monitor Deflation Thread" daemon [_thread_blocked, id=8280, stack(0x00000028ae600000,0x00000028ae700000)]
  0x000001c37f4a2280 JavaThread "C2 CompilerThread0" daemon [_thread_blocked, id=8264, stack(0x00000028ae700000,0x00000028ae800000)]
  0x000001c37f4a4150 JavaThread "C1 CompilerThread0" daemon [_thread_blocked, id=9572, stack(0x00000028ae800000,0x00000028ae900000)]
  0x000001c37f4bd030 JavaThread "Sweeper thread" daemon [_thread_blocked, id=6536, stack(0x00000028ae900000,0x00000028aea00000)]
  0x000001c37f615370 JavaThread "C1 CompilerThread1" daemon [_thread_blocked, id=8284, stack(0x00000028aea00000,0x00000028aeb00000)]
  0x000001c37f61dca0 JavaThread "Notification Thread" daemon [_thread_blocked, id=8084, stack(0x00000028aeb00000,0x00000028aec00000)]
  0x000001c37f632df0 JavaThread "Common-Cleaner" daemon [_thread_blocked, id=8088, stack(0x00000028aed00000,0x00000028aee00000)]
  0x000001c37f697eb0 JavaThread "C2 CompilerThread1" daemon [_thread_blocked, id=7424, stack(0x00000028aee00000,0x00000028aef00000)]
  0x000001c30f2466f0 JavaThread "C1 CompilerThread2" daemon [_thread_blocked, id=7416, stack(0x00000028aef00000,0x00000028af000000)]
  0x000001c30f248690 JavaThread "C1 CompilerThread3" daemon [_thread_blocked, id=7420, stack(0x00000028af000000,0x00000028af100000)]
  0x000001c30f587e50 JavaThread "C2 CompilerThread2" daemon [_thread_blocked, id=7544, stack(0x00000028af600000,0x00000028af700000)]
  0x000001c3122311e0 JavaThread "C2 CompilerThread3" daemon [_thread_blocked, id=9720, stack(0x00000028afe00000,0x00000028aff00000)]
  0x000001c31222fda0 JavaThread "C2 CompilerThread4" daemon [_thread_blocked, id=6920, stack(0x00000028aff00000,0x00000028b0000000)]
  0x000001c3122316f0 JavaThread "C2 CompilerThread5" daemon [_thread_blocked, id=6244, stack(0x00000028b0000000,0x00000028b0100000)]
  0x000001c312230cd0 JavaThread "C2 CompilerThread6" daemon [_thread_blocked, id=17324, stack(0x00000028b0200000,0x00000028b0300000)]

Other Threads:
=>0x000001c37ebb8bf0 VMThread "VM Thread" [stack: 0x00000028ae000000,0x00000028ae100000] [id=2400]
  0x000001c37f623770 WatcherThread [stack: 0x00000028aec00000,0x00000028aed00000] [id=8092]
  0x000001c36c788c50 GCTaskThread "GC Thread#0" [stack: 0x00000028adb00000,0x00000028adc00000] [id=13960]
  0x000001c30f38c410 GCTaskThread "GC Thread#1" [stack: 0x00000028af100000,0x00000028af200000] [id=7224]
  0x000001c30f336300 GCTaskThread "GC Thread#2" [stack: 0x00000028af200000,0x00000028af300000] [id=9036]
  0x000001c30f3365b0 GCTaskThread "GC Thread#3" [stack: 0x00000028af300000,0x00000028af400000] [id=10136]
  0x000001c30f336860 GCTaskThread "GC Thread#4" [stack: 0x00000028af400000,0x00000028af500000] [id=6444]
  0x000001c30f391f60 GCTaskThread "GC Thread#5" [stack: 0x00000028af500000,0x00000028af600000] [id=9576]
  0x000001c30f3914a0 GCTaskThread "GC Thread#6" [stack: 0x00000028af700000,0x00000028af800000] [id=8564]
  0x000001c30f391750 GCTaskThread "GC Thread#7" [stack: 0x00000028af800000,0x00000028af900000] [id=8244]
  0x000001c30f390730 GCTaskThread "GC Thread#8" [stack: 0x00000028af900000,0x00000028afa00000] [id=9604]
  0x000001c30f390f40 GCTaskThread "GC Thread#9" [stack: 0x00000028afc00000,0x00000028afd00000] [id=6212]
  0x000001c30f391a00 GCTaskThread "GC Thread#10" [stack: 0x00000028afd00000,0x00000028afe00000] [id=6208]
  0x000001c310cd74f0 GCTaskThread "GC Thread#11" [stack: 0x00000028b0300000,0x00000028b0400000] [id=5676]
  0x000001c310cd4ca0 GCTaskThread "GC Thread#12" [stack: 0x00000028b0100000,0x00000028b0200000] [id=12380]
  0x000001c36c799aa0 ConcurrentGCThread "G1 Main Marker" [stack: 0x00000028adc00000,0x00000028add00000] [id=11720]
  0x000001c36c79ac50 ConcurrentGCThread "G1 Conc#0" [stack: 0x00000028add00000,0x00000028ade00000] [id=13924]
  0x000001c30f3909e0 ConcurrentGCThread "G1 Conc#1" [stack: 0x00000028afa00000,0x00000028afb00000] [id=9632]
  0x000001c30f390c90 ConcurrentGCThread "G1 Conc#2" [stack: 0x00000028afb00000,0x00000028afc00000] [id=3728]
  0x000001c36c7eec90 ConcurrentGCThread "G1 Refine#0" [stack: 0x00000028ade00000,0x00000028adf00000] [id=5688]
  0x000001c37ea68850 ConcurrentGCThread "G1 Service" [stack: 0x00000028adf00000,0x00000028ae000000] [id=7212]

Threads with active compile tasks:
C2 CompilerThread3     3957 4625       4       org.jetbrains.kotlin.com.intellij.psi.impl.source.tree.CompositeElement::getPsi (46 bytes)
C2 CompilerThread5     3958 4493       4       org.jetbrains.kotlin.parsing.AbstractKotlinParsing::at (114 bytes)
C2 CompilerThread6     3958 4613       4       org.jetbrains.kotlin.com.intellij.extapi.psi.StubBasedPsiElementBase::getStub (14 bytes)

VM state: at safepoint (normal execution)

VM Mutex/Monitor currently owned by a thread:  ([mutex/lock_event])
[0x000001c36c53d0f0] Threads_lock - owner thread: 0x000001c37ebb8bf0
[0x000001c36c53d060] Heap_lock - owner thread: 0x000001c36c71aa50

Heap address: 0x0000000700e00000, size: 4082 MB, Compressed Oops mode: Zero based, Oop shift amount: 3

CDS archive(s) not mapped
Compressed class space mapped at: 0x0000000800000000-0x0000000840000000, reserved size: 1073741824
Narrow klass base: 0x0000000800000000, Narrow klass shift: 0, Narrow klass range: 0x40000000

GC Precious Log:
 CPUs: 16 total, 16 available
 Memory: 16320M
 Large Page Support: Disabled
 NUMA Support: Disabled
 Compressed Oops: Enabled (Zero based)
 Heap Region Size: 2M
 Heap Min Capacity: 8M
 Heap Initial Capacity: 256M
 Heap Max Capacity: 4082M
 Pre-touch: Disabled
 Parallel Workers: 13
 Concurrent Workers: 3
 Concurrent Refinement Workers: 13
 Periodic GC: Disabled

Heap:
 garbage-first heap   total 61440K, used 29095K [0x0000000700e00000, 0x0000000800000000)
  region size 2048K, 2 young (4096K), 2 survivors (4096K)
 Metaspace       used 49688K, committed 49920K, reserved 1097728K
  class space    used 5956K, committed 6080K, reserved 1048576K

Heap Regions: E=young(eden), S=young(survivor), O=old, HS=humongous(starts), HC=humongous(continues), CS=collection set, F=free, OA=open archive, CA=closed archive, TAMS=top-at-mark-start (previous, next)
|   0|0x0000000700e00000, 0x0000000701000000, 0x0000000701000000|100%|HS|  |TAMS 0x0000000701000000, 0x0000000700e00000| Complete 
|   1|0x0000000701000000, 0x0000000701200000, 0x0000000701200000|100%|HC|  |TAMS 0x0000000701200000, 0x0000000701000000| Complete 
|   2|0x0000000701200000, 0x0000000701400000, 0x0000000701400000|100%|HS|  |TAMS 0x0000000701200000, 0x0000000701200000| Complete 
|   3|0x0000000701400000, 0x0000000701600000, 0x0000000701600000|100%| O|  |TAMS 0x0000000701600000, 0x0000000701400000| Untracked 
|   4|0x0000000701600000, 0x0000000701800000, 0x0000000701800000|100%| O|  |TAMS 0x0000000701800000, 0x0000000701600000| Untracked 
|   5|0x0000000701800000, 0x000000070197ac00, 0x0000000701a00000| 73%| O|  |TAMS 0x000000070197ac00, 0x0000000701800000| Untracked 
|   6|0x0000000701a00000, 0x0000000701c00000, 0x0000000701c00000|100%| O|  |TAMS 0x0000000701c00000, 0x0000000701a00000| Untracked 
|   7|0x0000000701c00000, 0x0000000701e00000, 0x0000000701e00000|100%| O|  |TAMS 0x0000000701e00000, 0x0000000701c00000| Untracked 
|   8|0x0000000701e00000, 0x0000000702000000, 0x0000000702000000|100%| O|  |TAMS 0x0000000701e00000, 0x0000000701e00000| Untracked 
|   9|0x0000000702000000, 0x0000000702200000, 0x0000000702200000|100%| O|  |TAMS 0x0000000702000000, 0x0000000702000000| Untracked 
|  10|0x0000000702200000, 0x00000007022ef000, 0x0000000702400000| 46%| O|  |TAMS 0x0000000702200000, 0x0000000702200000| Untracked 
|  11|0x0000000702400000, 0x0000000702600000, 0x0000000702600000|100%| O|  |TAMS 0x0000000702400000, 0x0000000702400000| Untracked 
|  12|0x0000000702600000, 0x0000000702600000, 0x0000000702800000|  0%| F|  |TAMS 0x0000000702600000, 0x0000000702600000| Untracked 
|  13|0x0000000702800000, 0x0000000702a00000, 0x0000000702a00000|100%| O|  |TAMS 0x0000000702800000, 0x0000000702800000| Untracked 
|  14|0x0000000702a00000, 0x0000000702a00000, 0x0000000702c00000|  0%| F|  |TAMS 0x0000000702a00000, 0x0000000702a00000| Untracked 
|  15|0x0000000702c00000, 0x0000000702c00000, 0x0000000702e00000|  0%| F|  |TAMS 0x0000000702c00000, 0x0000000702c00000| Untracked 
|  16|0x0000000702e00000, 0x0000000702e00000, 0x0000000703000000|  0%| F|  |TAMS 0x0000000702e00000, 0x0000000702e00000| Untracked 
|  17|0x0000000703000000, 0x0000000703200000, 0x0000000703200000|100%| S|CS|TAMS 0x0000000703000000, 0x0000000703000000| Complete 
|  18|0x0000000703200000, 0x0000000703400000, 0x0000000703400000|100%| S|CS|TAMS 0x0000000703200000, 0x0000000703200000| Complete 
|  19|0x0000000703400000, 0x0000000703400000, 0x0000000703600000|  0%| F|  |TAMS 0x0000000703400000, 0x0000000703400000| Untracked 
|  20|0x0000000703600000, 0x0000000703600000, 0x0000000703800000|  0%| F|  |TAMS 0x0000000703600000, 0x0000000703600000| Untracked 
|  21|0x0000000703800000, 0x0000000703800000, 0x0000000703a00000|  0%| F|  |TAMS 0x0000000703800000, 0x0000000703800000| Untracked 
|  22|0x0000000703a00000, 0x0000000703a00000, 0x0000000703c00000|  0%| F|  |TAMS 0x0000000703a00000, 0x0000000703a00000| Untracked 
|  23|0x0000000703c00000, 0x0000000703c00000, 0x0000000703e00000|  0%| F|  |TAMS 0x0000000703c00000, 0x0000000703c00000| Untracked 
|  24|0x0000000703e00000, 0x0000000703e00000, 0x0000000704000000|  0%| F|  |TAMS 0x0000000703e00000, 0x0000000703e00000| Untracked 
|  25|0x0000000704000000, 0x0000000704000000, 0x0000000704200000|  0%| F|  |TAMS 0x0000000704000000, 0x0000000704000000| Untracked 
|  26|0x0000000704200000, 0x0000000704200000, 0x0000000704400000|  0%| F|  |TAMS 0x0000000704200000, 0x0000000704200000| Untracked 
|  27|0x0000000704400000, 0x0000000704400000, 0x0000000704600000|  0%| F|  |TAMS 0x0000000704400000, 0x0000000704400000| Untracked 
|  28|0x0000000704600000, 0x0000000704600000, 0x0000000704800000|  0%| F|  |TAMS 0x0000000704600000, 0x0000000704600000| Untracked 
| 127|0x0000000710c00000, 0x0000000710c00000, 0x0000000710e00000|  0%| F|  |TAMS 0x0000000710c00000, 0x0000000710c00000| Untracked 

Card table byte_map: [0x000001c372b90000,0x000001c373390000] _byte_map_base: 0x000001c36f389000

Marking Bits (Prev, Next): (CMBitMap*) 0x000001c36c789260, (CMBitMap*) 0x000001c36c7892a0
 Prev Bits: [0x000001c373b90000, 0x000001c377b58000)
 Next Bits: [0x000001c377b60000, 0x000001c37bb28000)

Polling page: 0x000001c36c430000

Metaspace:

Usage:
  Non-class:     42.71 MB used.
      Class:      5.82 MB used.
       Both:     48.52 MB used.

Virtual space:
  Non-class space:       48.00 MB reserved,      42.81 MB ( 89%) committed,  6 nodes.
      Class space:        1.00 GB reserved,       5.94 MB ( <1%) committed,  1 nodes.
             Both:        1.05 GB reserved,      48.75 MB (  5%) committed. 

Chunk freelists:
   Non-Class:  321.00 KB
       Class:  2.04 MB
        Both:  2.36 MB

MaxMetaspaceSize: unlimited
CompressedClassSpaceSize: 1.00 GB
Initial GC threshold: 21.00 MB
Current GC threshold: 57.81 MB
CDS: off
MetaspaceReclaimPolicy: balanced
 - commit_granule_bytes: 65536.
 - commit_granule_words: 8192.
 - virtual_space_node_default_size: 1048576.
 - enlarge_chunks_in_place: 1.
 - new_chunks_are_fully_committed: 0.
 - uncommit_free_chunks: 1.
 - use_allocation_guard: 0.
 - handle_deallocations: 1.


Internal statistics:

num_allocs_failed_limit: 3.
num_arena_births: 198.
num_arena_deaths: 0.
num_vsnodes_births: 7.
num_vsnodes_deaths: 0.
num_space_committed: 778.
num_space_uncommitted: 0.
num_chunks_returned_to_freelist: 3.
num_chunks_taken_from_freelist: 1620.
num_chunk_merges: 3.
num_chunk_splits: 1354.
num_chunks_enlarged: 1229.
num_purges: 0.
num_inconsistent_stats: 0.

CodeHeap 'non-profiled nmethods': size=119168Kb used=2459Kb max_used=2459Kb free=116708Kb
 bounds [0x000001c307ba0000, 0x000001c307e10000, 0x000001c30f000000]
CodeHeap 'profiled nmethods': size=119104Kb used=10268Kb max_used=10268Kb free=108835Kb
 bounds [0x000001c300000000, 0x000001c300a10000, 0x000001c307450000]
CodeHeap 'non-nmethods': size=7488Kb used=2960Kb max_used=3033Kb free=4527Kb
 bounds [0x000001c307450000, 0x000001c307750000, 0x000001c307ba0000]
 total_blobs=5207 nmethods=4623 adapters=491
 compilation: enabled
              stopped_count=0, restarted_count=0
 full_count=0

Compilation events (20 events):
Event: 3.915 Thread 0x000001c30f2466f0 4618       3       org.jetbrains.kotlin.com.intellij.psi.impl.source.PsiFileImpl::getVirtualFile (50 bytes)
Event: 3.916 Thread 0x000001c37f615370 nmethod 4616 0x000001c300a00910 code [0x000001c300a00b80, 0x000001c300a01518]
Event: 3.916 Thread 0x000001c37f4a4150 nmethod 4615 0x000001c300a01890 code [0x000001c300a01ae0, 0x000001c300a023c8]
Event: 3.916 Thread 0x000001c31222fda0 nmethod 4590 0x000001c307e04c10 code [0x000001c307e04de0, 0x000001c307e05858]
Event: 3.916 Thread 0x000001c30f2466f0 nmethod 4618 0x000001c300a02710 code [0x000001c300a02940, 0x000001c300a03328]
Event: 3.916 Thread 0x000001c30f248690 nmethod 4614 0x000001c300a03590 code [0x000001c300a03940, 0x000001c300a05408]
Event: 3.917 Thread 0x000001c37f615370 4619       3       org.jetbrains.kotlin.com.google.common.collect.AbstractMapBasedMultimap::createCollection (5 bytes)
Event: 3.917 Thread 0x000001c37f615370 nmethod 4619 0x000001c300a05b10 code [0x000001c300a05cc0, 0x000001c300a05e88]
Event: 3.917 Thread 0x000001c37f697eb0 4620       4       org.jetbrains.kotlin.storage.LockBasedStorageManager$LockBasedLazyValue::<init> (38 bytes)
Event: 3.917 Thread 0x000001c37f615370 4621       3       org.jetbrains.kotlin.psi.KtPsiUtil::safeName (23 bytes)
Event: 3.917 Thread 0x000001c37f4a4150 4622       3       org.jetbrains.kotlin.resolve.PossiblyBareType::getActualType (13 bytes)
Event: 3.917 Thread 0x000001c37f615370 nmethod 4621 0x000001c300a05f10 code [0x000001c300a06100, 0x000001c300a065a8]
Event: 3.917 Thread 0x000001c37f615370 4623       3       org.jetbrains.kotlin.resolve.lazy.ResolveSession::getLookupTracker (14 bytes)
Event: 3.917 Thread 0x000001c37f4a4150 nmethod 4622 0x000001c300a06710 code [0x000001c300a068c0, 0x000001c300a06a48]
Event: 3.917 Thread 0x000001c37f615370 nmethod 4623 0x000001c300a06b10 code [0x000001c300a06cc0, 0x000001c300a06e48]
Event: 3.918 Thread 0x000001c30f2466f0 4624       3       gnu.trove.TObjectHash::contains (14 bytes)
Event: 3.918 Thread 0x000001c30f2466f0 nmethod 4624 0x000001c300a06f10 code [0x000001c300a070c0, 0x000001c300a072e8]
Event: 3.918 Thread 0x000001c3122311e0 4625       4       org.jetbrains.kotlin.com.intellij.psi.impl.source.tree.CompositeElement::getPsi (46 bytes)
Event: 3.919 Thread 0x000001c37f697eb0 nmethod 4620 0x000001c307e05d10 code [0x000001c307e05ea0, 0x000001c307e061f8]
Event: 3.922 Thread 0x000001c312230cd0 nmethod 4613 0x000001c307e06310 code [0x000001c307e064e0, 0x000001c307e06998]

GC Heap History (20 events):
Event: 0.515 GC heap after
{Heap after GC invocations=1 (full 0):
 garbage-first heap   total 262144K, used 6559K [0x0000000700e00000, 0x0000000800000000)
  region size 2048K, 2 young (4096K), 2 survivors (4096K)
 Metaspace       used 12285K, committed 12352K, reserved 1064960K
  class space    used 1156K, committed 1216K, reserved 1048576K
}
Event: 1.167 GC heap before
{Heap before GC invocations=1 (full 0):
 garbage-first heap   total 262144K, used 41375K [0x0000000700e00000, 0x0000000800000000)
  region size 2048K, 20 young (40960K), 2 survivors (4096K)
 Metaspace       used 21309K, committed 21504K, reserved 1073152K
  class space    used 2305K, committed 2432K, reserved 1048576K
}
Event: 1.171 GC heap after
{Heap after GC invocations=2 (full 0):
 garbage-first heap   total 262144K, used 8135K [0x0000000700e00000, 0x0000000800000000)
  region size 2048K, 2 young (4096K), 2 survivors (4096K)
 Metaspace       used 21309K, committed 21504K, reserved 1073152K
  class space    used 2305K, committed 2432K, reserved 1048576K
}
Event: 1.456 GC heap before
{Heap before GC invocations=3 (full 0):
 garbage-first heap   total 34816K, used 24519K [0x0000000700e00000, 0x0000000800000000)
  region size 2048K, 11 young (22528K), 2 survivors (4096K)
 Metaspace       used 26323K, committed 26496K, reserved 1073152K
  class space    used 2943K, committed 3008K, reserved 1048576K
}
Event: 1.461 GC heap after
{Heap after GC invocations=4 (full 0):
 garbage-first heap   total 34816K, used 8989K [0x0000000700e00000, 0x0000000800000000)
  region size 2048K, 3 young (6144K), 3 survivors (6144K)
 Metaspace       used 26323K, committed 26496K, reserved 1073152K
  class space    used 2943K, committed 3008K, reserved 1048576K
}
Event: 1.686 GC heap before
{Heap before GC invocations=4 (full 0):
 garbage-first heap   total 34816K, used 25373K [0x0000000700e00000, 0x0000000800000000)
  region size 2048K, 10 young (20480K), 3 survivors (6144K)
 Metaspace       used 29078K, committed 29312K, reserved 1081344K
  class space    used 3551K, committed 3648K, reserved 1048576K
}
Event: 1.695 GC heap after
{Heap after GC invocations=5 (full 0):
 garbage-first heap   total 34816K, used 14023K [0x0000000700e00000, 0x0000000800000000)
  region size 2048K, 2 young (4096K), 2 survivors (4096K)
 Metaspace       used 29078K, committed 29312K, reserved 1081344K
  class space    used 3551K, committed 3648K, reserved 1048576K
}
Event: 1.935 GC heap before
{Heap before GC invocations=5 (full 0):
 garbage-first heap   total 34816K, used 24263K [0x0000000700e00000, 0x0000000800000000)
  region size 2048K, 7 young (14336K), 2 survivors (4096K)
 Metaspace       used 31074K, committed 31232K, reserved 1081344K
  class space    used 3991K, committed 4032K, reserved 1048576K
}
Event: 1.945 GC heap after
{Heap after GC invocations=6 (full 0):
 garbage-first heap   total 34816K, used 15672K [0x0000000700e00000, 0x0000000800000000)
  region size 2048K, 1 young (2048K), 1 survivors (2048K)
 Metaspace       used 31074K, committed 31232K, reserved 1081344K
  class space    used 3991K, committed 4032K, reserved 1048576K
}
Event: 2.082 GC heap before
{Heap before GC invocations=6 (full 0):
 garbage-first heap   total 34816K, used 23864K [0x0000000700e00000, 0x0000000800000000)
  region size 2048K, 5 young (10240K), 1 survivors (2048K)
 Metaspace       used 33479K, committed 33728K, reserved 1081344K
  class space    used 4238K, committed 4352K, reserved 1048576K
}
Event: 2.086 GC heap after
{Heap after GC invocations=7 (full 0):
 garbage-first heap   total 34816K, used 17048K [0x0000000700e00000, 0x0000000800000000)
  region size 2048K, 1 young (2048K), 1 survivors (2048K)
 Metaspace       used 33479K, committed 33728K, reserved 1081344K
  class space    used 4238K, committed 4352K, reserved 1048576K
}
Event: 2.195 GC heap before
{Heap before GC invocations=7 (full 0):
 garbage-first heap   total 34816K, used 25240K [0x0000000700e00000, 0x0000000800000000)
  region size 2048K, 5 young (10240K), 1 survivors (2048K)
 Metaspace       used 35169K, committed 35328K, reserved 1081344K
  class space    used 4443K, committed 4544K, reserved 1048576K
}
Event: 2.199 GC heap after
{Heap after GC invocations=8 (full 0):
 garbage-first heap   total 149504K, used 15806K [0x0000000700e00000, 0x0000000800000000)
  region size 2048K, 1 young (2048K), 1 survivors (2048K)
 Metaspace       used 35169K, committed 35328K, reserved 1081344K
  class space    used 4443K, committed 4544K, reserved 1048576K
}
Event: 2.662 GC heap before
{Heap before GC invocations=9 (full 0):
 garbage-first heap   total 61440K, used 50622K [0x0000000700e00000, 0x0000000800000000)
  region size 2048K, 18 young (36864K), 1 survivors (2048K)
 Metaspace       used 42371K, committed 42560K, reserved 1089536K
  class space    used 5160K, committed 5248K, reserved 1048576K
}
Event: 2.668 GC heap after
{Heap after GC invocations=10 (full 0):
 garbage-first heap   total 61440K, used 18699K [0x0000000700e00000, 0x0000000800000000)
  region size 2048K, 3 young (6144K), 3 survivors (6144K)
 Metaspace       used 42371K, committed 42560K, reserved 1089536K
  class space    used 5160K, committed 5248K, reserved 1048576K
}
Event: 3.225 GC heap before
{Heap before GC invocations=10 (full 0):
 garbage-first heap   total 61440K, used 43275K [0x0000000700e00000, 0x0000000800000000)
  region size 2048K, 15 young (30720K), 3 survivors (6144K)
 Metaspace       used 47137K, committed 47360K, reserved 1097728K
  class space    used 5698K, committed 5824K, reserved 1048576K
}
Event: 3.235 GC heap after
{Heap after GC invocations=11 (full 0):
 garbage-first heap   total 61440K, used 24190K [0x0000000700e00000, 0x0000000800000000)
  region size 2048K, 2 young (4096K), 2 survivors (4096K)
 Metaspace       used 47137K, committed 47360K, reserved 1097728K
  class space    used 5698K, committed 5824K, reserved 1048576K
}
Event: 3.310 GC heap before
{Heap before GC invocations=11 (full 0):
 garbage-first heap   total 61440K, used 44670K [0x0000000700e00000, 0x0000000800000000)
  region size 2048K, 12 young (24576K), 2 survivors (4096K)
 Metaspace       used 47228K, committed 47424K, reserved 1097728K
  class space    used 5698K, committed 5824K, reserved 1048576K
}
Event: 3.316 GC heap after
{Heap after GC invocations=12 (full 0):
 garbage-first heap   total 61440K, used 25692K [0x0000000700e00000, 0x0000000800000000)
  region size 2048K, 1 young (2048K), 1 survivors (2048K)
 Metaspace       used 47228K, committed 47424K, reserved 1097728K
  class space    used 5698K, committed 5824K, reserved 1048576K
}
Event: 3.922 GC heap before
{Heap before GC invocations=12 (full 0):
 garbage-first heap   total 61440K, used 46172K [0x0000000700e00000, 0x0000000800000000)
  region size 2048K, 11 young (22528K), 1 survivors (2048K)
 Metaspace       used 49688K, committed 49920K, reserved 1097728K
  class space    used 5956K, committed 6080K, reserved 1048576K
}

Dll operation events (2 events):
Event: 0.006 Loaded shared library C:\Program Files\Android\Android Studio\jbr\bin\java.dll
Event: 1.409 Loaded shared library C:\Program Files\Android\Android Studio\jbr\bin\verify.dll

Deoptimization events (20 events):
Event: 3.737 Thread 0x000001c36c71aa50 Uncommon trap: trap_request=0xffffff45 fr.pc=0x000001c307cd5ef8 relative=0x0000000000000078
Event: 3.737 Thread 0x000001c36c71aa50 Uncommon trap: reason=unstable_if action=reinterpret pc=0x000001c307cd5ef8 method=org.jetbrains.kotlin.parsing.AbstractKotlinParsing.tokenMatches(Lorg/jetbrains/kotlin/com/intellij/psi/tree/IElementType;Lorg/jetbrains/kotlin/com/intellij/psi/tree/IElement
Event: 3.738 Thread 0x000001c36c71aa50 DEOPT PACKING pc=0x000001c307cd5ef8 sp=0x00000028adafbf80
Event: 3.738 Thread 0x000001c36c71aa50 DEOPT UNPACKING pc=0x000001c3074a69a3 sp=0x00000028adafbf00 mode 2
Event: 3.780 Thread 0x000001c36c71aa50 Uncommon trap: trap_request=0xffffff45 fr.pc=0x000001c307dbb6a8 relative=0x0000000000000bc8
Event: 3.780 Thread 0x000001c36c71aa50 Uncommon trap: reason=unstable_if action=reinterpret pc=0x000001c307dbb6a8 method=org.jetbrains.kotlin.parsing.AbstractKotlinParsing.tokenMatches(Lorg/jetbrains/kotlin/com/intellij/psi/tree/IElementType;Lorg/jetbrains/kotlin/com/intellij/psi/tree/IElement
Event: 3.780 Thread 0x000001c36c71aa50 DEOPT PACKING pc=0x000001c307dbb6a8 sp=0x00000028adafc030
Event: 3.780 Thread 0x000001c36c71aa50 DEOPT UNPACKING pc=0x000001c3074a69a3 sp=0x00000028adafbef8 mode 2
Event: 3.841 Thread 0x000001c36c71aa50 Uncommon trap: trap_request=0xffffff45 fr.pc=0x000001c307cd4b0c relative=0x00000000000004ac
Event: 3.841 Thread 0x000001c36c71aa50 Uncommon trap: reason=unstable_if action=reinterpret pc=0x000001c307cd4b0c method=org.jetbrains.kotlin.com.intellij.lang.impl.PsiBuilderImpl.whitespaceOrComment(Lorg/jetbrains/kotlin/com/intellij/psi/tree/IElementType;)Z @ 19 c2
Event: 3.841 Thread 0x000001c36c71aa50 DEOPT PACKING pc=0x000001c307cd4b0c sp=0x00000028adafbb00
Event: 3.841 Thread 0x000001c36c71aa50 DEOPT UNPACKING pc=0x000001c3074a69a3 sp=0x00000028adafb960 mode 2
Event: 3.918 Thread 0x000001c36c71aa50 Uncommon trap: trap_request=0xfffffff4 fr.pc=0x000001c307dc0bfc relative=0x000000000000077c
Event: 3.918 Thread 0x000001c36c71aa50 Uncommon trap: reason=null_check action=make_not_entrant pc=0x000001c307dc0bfc method=org.jetbrains.kotlin.storage.LockBasedStorageManager$LockBasedLazyValue.invoke()Ljava/lang/Object; @ 6 c2
Event: 3.918 Thread 0x000001c36c71aa50 DEOPT PACKING pc=0x000001c307dc0bfc sp=0x00000028adafe5d0
Event: 3.918 Thread 0x000001c36c71aa50 DEOPT UNPACKING pc=0x000001c3074a69a3 sp=0x00000028adafe590 mode 2
Event: 3.918 Thread 0x000001c36c71aa50 Uncommon trap: trap_request=0xfffffff4 fr.pc=0x000001c307dbddcc relative=0x000000000000004c
Event: 3.918 Thread 0x000001c36c71aa50 Uncommon trap: reason=null_check action=make_not_entrant pc=0x000001c307dbddcc method=org.jetbrains.kotlin.utils.WrappedValues.unescapeThrowable(Ljava/lang/Object;)Ljava/lang/Object; @ 1 c2
Event: 3.918 Thread 0x000001c36c71aa50 DEOPT PACKING pc=0x000001c307dbddcc sp=0x00000028adafe590
Event: 3.918 Thread 0x000001c36c71aa50 DEOPT UNPACKING pc=0x000001c3074a69a3 sp=0x00000028adafe518 mode 2

Classes unloaded (0 events):
No events

Classes redefined (0 events):
No events

Internal exceptions (20 events):
Event: 1.217 Thread 0x000001c36c71aa50 Exception <a 'java/lang/NoSuchMethodError'{0x00000007029e8fe0}: 'int java.lang.invoke.DelegatingMethodHandle$Holder.reinvoke_L(java.lang.Object, java.lang.Object, java.lang.Object, long, long, long)'> (0x00000007029e8fe0) 
thrown [s\src\hotspot\share\interpreter\linkResolver.cpp, line 771]
Event: 1.219 Thread 0x000001c36c71aa50 Exception <a 'java/lang/NoSuchMethodError'{0x00000007029f7698}: 'int java.lang.invoke.DelegatingMethodHandle$Holder.reinvoke_L(java.lang.Object, java.lang.Object, java.lang.Object, long, int)'> (0x00000007029f7698) 
thrown [s\src\hotspot\share\interpreter\linkResolver.cpp, line 771]
Event: 1.235 Thread 0x000001c36c71aa50 Exception <a 'java/lang/NoSuchMethodError'{0x000000070277e018}: 'int java.lang.invoke.DirectMethodHandle$Holder.invokeStaticInit(java.lang.Object, java.lang.Object, java.lang.Object)'> (0x000000070277e018) 
thrown [s\src\hotspot\share\interpreter\linkResolver.cpp, line 771]
Event: 1.240 Thread 0x000001c36c71aa50 Exception <a 'java/lang/NoSuchMethodError'{0x00000007027a7680}: 'int java.lang.invoke.DirectMethodHandle$Holder.invokeStaticInit(java.lang.Object, java.lang.Object)'> (0x00000007027a7680) 
thrown [s\src\hotspot\share\interpreter\linkResolver.cpp, line 771]
Event: 1.256 Thread 0x000001c36c71aa50 Exception <a 'java/lang/NoSuchMethodError'{0x00000007024877b0}: 'void java.lang.invoke.DirectMethodHandle$Holder.invokeSpecial(java.lang.Object, java.lang.Object, java.lang.Object)'> (0x00000007024877b0) 
thrown [s\src\hotspot\share\interpreter\linkResolver.cpp, line 771]
Event: 1.319 Thread 0x000001c36c71aa50 Exception <a 'java/lang/NoSuchMethodError'{0x00000007023ab178}: 'void java.lang.invoke.DirectMethodHandle$Holder.invokeStatic(java.lang.Object, java.lang.Object, java.lang.Object, java.lang.Object)'> (0x00000007023ab178) 
thrown [s\src\hotspot\share\interpreter\linkResolver.cpp, line 771]
Event: 1.378 Thread 0x000001c36c71aa50 Exception <a 'java/lang/NoSuchMethodError'{0x0000000701f6b588}: 'void java.lang.invoke.DirectMethodHandle$Holder.invokeStaticInit(java.lang.Object, java.lang.Object)'> (0x0000000701f6b588) 
thrown [s\src\hotspot\share\interpreter\linkResolver.cpp, line 771]
Event: 1.454 Thread 0x000001c36c71aa50 Exception <a 'java/lang/NoSuchMethodError'{0x0000000701be13f0}: 'void java.lang.invoke.DirectMethodHandle$Holder.invokeVirtual(java.lang.Object, java.lang.Object)'> (0x0000000701be13f0) 
thrown [s\src\hotspot\share\interpreter\linkResolver.cpp, line 771]
Event: 1.467 Thread 0x000001c36c71aa50 Exception <a 'java/lang/NoSuchMethodError'{0x0000000710c5d148}: 'int java.lang.invoke.DirectMethodHandle$Holder.invokeVirtual(java.lang.Object, java.lang.Object)'> (0x0000000710c5d148) 
thrown [s\src\hotspot\share\interpreter\linkResolver.cpp, line 771]
Event: 1.480 Thread 0x000001c36c71aa50 Exception <a 'java/lang/NoSuchMethodError'{0x0000000710cf5638}: 'java.lang.Object java.lang.invoke.Invokers$Holder.invokeExact_MT(java.lang.Object, java.lang.Object, java.lang.Object, java.lang.Object, java.lang.Object, java.lang.Object)'> (0x0000000710cf5638) 
thrown [s\src\hotspot\share\interpreter\linkResolver.cpp, line 771]
Event: 1.962 Thread 0x000001c36c71aa50 Implicit null exception at 0x000001c307bb95f2 to 0x000001c307bb9bcc
Event: 2.069 Thread 0x000001c36c71aa50 Implicit null exception at 0x000001c307bba1f2 to 0x000001c307bba7e0
Event: 2.113 Thread 0x000001c36c71aa50 Exception <a 'java/lang/NoSuchMethodError'{0x000000070e411b38}: 'java.lang.Object java.lang.invoke.DirectMethodHandle$Holder.invokeVirtual(java.lang.Object, java.lang.Object, java.lang.Object)'> (0x000000070e411b38) 
thrown [s\src\hotspot\share\interpreter\linkResolver.cpp, line 771]
Event: 2.676 Thread 0x000001c36c71aa50 Exception <a 'java/lang/NoSuchMethodError'{0x0000000710c2c778}: 'java.lang.Object java.lang.invoke.DirectMethodHandle$Holder.newInvokeSpecial(java.lang.Object, java.lang.Object, int)'> (0x0000000710c2c778) 
thrown [s\src\hotspot\share\interpreter\linkResolver.cpp, line 771]
Event: 2.793 Thread 0x000001c36c71aa50 Exception <a 'java/lang/NoSuchMethodError'{0x00000007047e1bd0}: 'java.lang.Object java.lang.invoke.DirectMethodHandle$Holder.newInvokeSpecial(java.lang.Object, java.lang.Object, java.lang.Object, int)'> (0x00000007047e1bd0) 
thrown [s\src\hotspot\share\interpreter\linkResolver.cpp, line 771]
Event: 2.793 Thread 0x000001c36c71aa50 Exception <a 'java/lang/NoSuchMethodError'{0x00000007047e6258}: 'java.lang.Object java.lang.invoke.DirectMethodHandle$Holder.invokeSpecial(java.lang.Object, java.lang.Object, java.lang.Object, java.lang.Object, int)'> (0x00000007047e6258) 
thrown [s\src\hotspot\share\interpreter\linkResolver.cpp, line 771]
Event: 2.794 Thread 0x000001c36c71aa50 Exception <a 'java/lang/NoSuchMethodError'{0x00000007047ea320}: 'java.lang.Object java.lang.invoke.Invokers$Holder.linkToTargetMethod(java.lang.Object, java.lang.Object, int, java.lang.Object)'> (0x00000007047ea320) 
thrown [s\src\hotspot\share\interpreter\linkResolver.cpp, line 771]
Event: 3.876 Thread 0x000001c36c71aa50 Exception <a 'java/lang/NoSuchMethodError'{0x000000070366eb18}: 'java.lang.Object java.lang.invoke.DirectMethodHandle$Holder.newInvokeSpecial(java.lang.Object, java.lang.Object, java.lang.Object, java.lang.Object, java.lang.Object, java.lang.Object)'> (0x000000070366eb18) 
thrown [s\src\hotspot\share\interpreter\linkResolver.cpp, line 771]
Event: 3.918 Thread 0x000001c36c71aa50 Implicit null exception at 0x000001c307dc04bd to 0x000001c307dc0bed
Event: 3.918 Thread 0x000001c36c71aa50 Implicit null exception at 0x000001c307dbdd8f to 0x000001c307dbddc0

VM Operations (20 events):
Event: 3.123 Executing VM operation: ICBufferFull done
Event: 3.146 Executing VM operation: HandshakeAllThreads
Event: 3.146 Executing VM operation: HandshakeAllThreads done
Event: 3.146 Executing VM operation: HandshakeAllThreads
Event: 3.146 Executing VM operation: HandshakeAllThreads done
Event: 3.225 Executing VM operation: G1CollectForAllocation
Event: 3.235 Executing VM operation: G1CollectForAllocation done
Event: 3.310 Executing VM operation: G1CollectForAllocation
Event: 3.316 Executing VM operation: G1CollectForAllocation done
Event: 3.472 Executing VM operation: HandshakeAllThreads
Event: 3.472 Executing VM operation: HandshakeAllThreads done
Event: 3.660 Executing VM operation: ICBufferFull
Event: 3.660 Executing VM operation: ICBufferFull done
Event: 3.710 Executing VM operation: HandshakeAllThreads
Event: 3.710 Executing VM operation: HandshakeAllThreads done
Event: 3.714 Executing VM operation: HandshakeAllThreads
Event: 3.714 Executing VM operation: HandshakeAllThreads done
Event: 3.841 Executing VM operation: ICBufferFull
Event: 3.841 Executing VM operation: ICBufferFull done
Event: 3.922 Executing VM operation: G1CollectForAllocation

Events (20 events):
Event: 3.364 loading class java/util/stream/ReduceOps$3 done
Event: 3.364 loading class java/util/stream/ReduceOps$3ReducingSink
Event: 3.364 loading class java/util/stream/ReduceOps$AccumulatingSink
Event: 3.365 loading class java/util/stream/ReduceOps$AccumulatingSink done
Event: 3.365 loading class java/util/stream/ReduceOps$Box
Event: 3.365 loading class java/util/stream/ReduceOps$Box done
Event: 3.365 loading class java/util/stream/ReduceOps$3ReducingSink done
Event: 3.365 loading class java/util/stream/ReferencePipeline$2$1
Event: 3.365 loading class java/util/stream/ReferencePipeline$2$1 done
Event: 3.365 loading class java/util/stream/IntPipeline$1$1
Event: 3.365 loading class java/util/stream/Sink$ChainedInt
Event: 3.365 loading class java/util/stream/Sink$OfInt
Event: 3.365 loading class java/util/function/IntConsumer
Event: 3.365 loading class java/util/function/IntConsumer done
Event: 3.365 loading class java/util/stream/Sink$OfInt done
Event: 3.365 loading class java/util/stream/Sink$ChainedInt done
Event: 3.365 loading class java/util/stream/IntPipeline$1$1 done
Event: 3.716 Thread 0x000001c3122302b0 Thread exited: 0x000001c3122302b0
Event: 3.879 loading class java/util/RegularEnumSet$EnumSetIterator
Event: 3.879 loading class java/util/RegularEnumSet$EnumSetIterator done


Dynamic libraries:
0x00007ff776b40000 - 0x00007ff776b4a000 	C:\Program Files\Android\Android Studio\jbr\bin\java.exe
0x00007ff9456d0000 - 0x00007ff9458c7000 	C:\windows\SYSTEM32\ntdll.dll
0x00007ff944650000 - 0x00007ff94470d000 	C:\windows\System32\KERNEL32.DLL
0x00007ff943250000 - 0x00007ff943546000 	C:\windows\System32\KERNELBASE.dll
0x00007ff943150000 - 0x00007ff943250000 	C:\windows\System32\ucrtbase.dll
0x00007ff8e19b0000 - 0x00007ff8e19c7000 	C:\Program Files\Android\Android Studio\jbr\bin\jli.dll
0x00007ff9247a0000 - 0x00007ff9247bb000 	C:\Program Files\Android\Android Studio\jbr\bin\VCRUNTIME140.dll
0x00007ff943ea0000 - 0x00007ff94403e000 	C:\windows\System32\USER32.dll
0x00007ff9436b0000 - 0x00007ff9436d2000 	C:\windows\System32\win32u.dll
0x00007ff92d460000 - 0x00007ff92d6fa000 	C:\windows\WinSxS\amd64_microsoft.windows.common-controls_6595b64144ccf1df_6.0.19041.3570_none_60bb2a3971f3e41a\COMCTL32.dll
0x00007ff945660000 - 0x00007ff94568c000 	C:\windows\System32\GDI32.dll
0x00007ff944160000 - 0x00007ff9441fe000 	C:\windows\System32\msvcrt.dll
0x00007ff942f90000 - 0x00007ff9430aa000 	C:\windows\System32\gdi32full.dll
0x00007ff942e40000 - 0x00007ff942edd000 	C:\windows\System32\msvcp_win.dll
0x00007ff943d40000 - 0x00007ff943d70000 	C:\windows\System32\IMM32.DLL
0x00007ff93e920000 - 0x00007ff93e92c000 	C:\Program Files\Android\Android Studio\jbr\bin\vcruntime140_1.dll
0x00007ff8827e0000 - 0x00007ff88286d000 	C:\Program Files\Android\Android Studio\jbr\bin\msvcp140.dll
0x00007ff878410000 - 0x00007ff87907e000 	C:\Program Files\Android\Android Studio\jbr\bin\server\jvm.dll
0x00007ff9437a0000 - 0x00007ff94384e000 	C:\windows\System32\ADVAPI32.dll
0x00007ff9445b0000 - 0x00007ff94464c000 	C:\windows\System32\sechost.dll
0x00007ff944c30000 - 0x00007ff944d56000 	C:\windows\System32\RPCRT4.dll
0x00007ff9389e0000 - 0x00007ff938a07000 	C:\windows\SYSTEM32\WINMM.dll
0x00007ff93c8b0000 - 0x00007ff93c8ba000 	C:\windows\SYSTEM32\VERSION.dll
0x00007ff937c70000 - 0x00007ff937c79000 	C:\windows\SYSTEM32\WSOCK32.dll
0x00007ff943d70000 - 0x00007ff943ddb000 	C:\windows\System32\WS2_32.dll
0x00007ff940c30000 - 0x00007ff940c42000 	C:\windows\SYSTEM32\kernel.appcore.dll
0x00007ff92db20000 - 0x00007ff92db2a000 	C:\Program Files\Android\Android Studio\jbr\bin\jimage.dll
0x00007ff9378a0000 - 0x00007ff937a84000 	C:\windows\SYSTEM32\DBGHELP.DLL
0x00007ff937700000 - 0x00007ff937734000 	C:\windows\SYSTEM32\dbgcore.DLL
0x00007ff942db0000 - 0x00007ff942e32000 	C:\windows\System32\bcryptPrimitives.dll
0x00007ff9238c0000 - 0x00007ff9238e5000 	C:\Program Files\Android\Android Studio\jbr\bin\java.dll
0x00007ff923840000 - 0x00007ff923858000 	C:\Program Files\Android\Android Studio\jbr\bin\zip.dll
0x00007ff944f10000 - 0x00007ff945654000 	C:\windows\System32\SHELL32.dll
0x00007ff940e30000 - 0x00007ff9415cb000 	C:\windows\SYSTEM32\windows.storage.dll
0x00007ff943850000 - 0x00007ff943ba4000 	C:\windows\System32\combase.dll
0x00007ff9426a0000 - 0x00007ff9426cd000 	C:\windows\SYSTEM32\Wldp.dll
0x00007ff943bb0000 - 0x00007ff943c5d000 	C:\windows\System32\SHCORE.dll
0x00007ff943e40000 - 0x00007ff943e95000 	C:\windows\System32\shlwapi.dll
0x00007ff942ce0000 - 0x00007ff942d05000 	C:\windows\SYSTEM32\profapi.dll
0x00007ff923820000 - 0x00007ff923839000 	C:\Program Files\Android\Android Studio\jbr\bin\net.dll
0x00007ff93c260000 - 0x00007ff93c36a000 	C:\windows\SYSTEM32\WINHTTP.dll
0x00007ff942480000 - 0x00007ff9424ea000 	C:\windows\system32\mswsock.dll
0x00007ff8e3a90000 - 0x00007ff8e3aa6000 	C:\Program Files\Android\Android Studio\jbr\bin\nio.dll
0x00007ff92db10000 - 0x00007ff92db20000 	C:\Program Files\Android\Android Studio\jbr\bin\verify.dll

dbghelp: loaded successfully - version: 4.0.5 - missing functions: none
symbol engine: initialized successfully - sym options: 0x614 - pdb path: .;C:\Program Files\Android\Android Studio\jbr\bin;C:\windows\SYSTEM32;C:\windows\WinSxS\amd64_microsoft.windows.common-controls_6595b64144ccf1df_6.0.19041.3570_none_60bb2a3971f3e41a;C:\Program Files\Android\Android Studio\jbr\bin\server

VM Arguments:
java_command: org.jetbrains.kotlin.cli.jvm.K2JVMCompiler @C:\Users\Alumno\Desktop\2dam\Kotlin\AplicacionesPMDM\app\build\20231031_1507454733184329985.compiler.options
java_class_path (initial): C:\Users\Alumno\.gradle\caches\modules-2\files-2.1\org.jetbrains.kotlin\kotlin-compiler-embeddable\1.9.0\2c8c3a7402becca891f12739b3e9fd2dc2adbd7a\kotlin-compiler-embeddable-1.9.0.jar;C:\Users\Alumno\.gradle\caches\modules-2\files-2.1\org.jetbrains.kotlin\kotlin-stdlib\1.9.0\8ee15ef0c67dc83d874f412d84378d7f0eb50b63\kotlin-stdlib-1.9.0.jar;C:\Users\Alumno\.gradle\caches\modules-2\files-2.1\org.jetbrains.kotlin\kotlin-script-runtime\1.9.0\4b3102cbbb7e1b58d9d1adf89563f00069ffa7d1\kotlin-script-runtime-1.9.0.jar;C:\Users\Alumno\.gradle\caches\modules-2\files-2.1\org.jetbrains.kotlin\kotlin-reflect\1.6.10\1cbe9c92c12a94eea200d23c2bbaedaf3daf5132\kotlin-reflect-1.6.10.jar;C:\Users\Alumno\.gradle\caches\modules-2\files-2.1\org.jetbrains.kotlin\kotlin-daemon-embeddable\1.9.0\186543f5e28cf8d9a0290fecc2cf34301c40a65c\kotlin-daemon-embeddable-1.9.0.jar;C:\Users\Alumno\.gradle\caches\modules-2\files-2.1\org.jetbrains.intellij.deps\trove4j\1.0.20200330\3afb14d5f9ceb459d724e907a21145e8ff394f02\trove4j-1.0.20200330.jar;C:\Users\Alumno\.gradle\caches\modules-2\files-2.1\org.jetbrains.kotlin\kotlin-stdlib-common\1.9.0\cd65c21cfd1eec4d44ef09f9f52b6d9f8a720636\kotlin-stdlib-common-1.9.0.jar;C:\Users\Alumno\.gradle\caches\modules-2\files-2.1\org.jetbrains\annotations\13.0\919f0dfe192fb4e063e7dacadee7f8bb9a2672a9\annotations-13.0.jar
Launcher Type: SUN_STANDARD

[Global flags]
     intx CICompilerCount                          = 12                                        {product} {ergonomic}
     uint ConcGCThreads                            = 3                                         {product} {ergonomic}
     uint G1ConcRefinementThreads                  = 13                                        {product} {ergonomic}
   size_t G1HeapRegionSize                         = 2097152                                   {product} {ergonomic}
    uintx GCDrainStackTargetSize                   = 64                                        {product} {ergonomic}
   size_t InitialHeapSize                          = 268435456                                 {product} {ergonomic}
   size_t MarkStackSize                            = 4194304                                   {product} {ergonomic}
   size_t MaxHeapSize                              = 4280287232                                {product} {ergonomic}
   size_t MaxNewSize                               = 2566914048                                {product} {ergonomic}
   size_t MinHeapDeltaBytes                        = 2097152                                   {product} {ergonomic}
   size_t MinHeapSize                              = 8388608                                   {product} {ergonomic}
    uintx NonNMethodCodeHeapSize                   = 7602480                                {pd product} {ergonomic}
    uintx NonProfiledCodeHeapSize                  = 122027880                              {pd product} {ergonomic}
    uintx ProfiledCodeHeapSize                     = 122027880                              {pd product} {ergonomic}
    uintx ReservedCodeCacheSize                    = 251658240                              {pd product} {ergonomic}
     bool SegmentedCodeCache                       = true                                      {product} {ergonomic}
   size_t SoftMaxHeapSize                          = 4280287232                             {manageable} {ergonomic}
     bool UseCompressedClassPointers               = true                           {product lp64_product} {ergonomic}
     bool UseCompressedOops                        = true                           {product lp64_product} {ergonomic}
     bool UseG1GC                                  = true                                      {product} {ergonomic}
     bool UseLargePagesIndividualAllocation        = false                                  {pd product} {ergonomic}

Logging:
Log output configuration:
 #0: stdout all=warning uptime,level,tags
 #1: stderr all=off uptime,level,tags

Environment Variables:
PATH=C:\windows\system32;C:\windows;C:\windows\System32\Wbem;C:\windows\System32\WindowsPowerShell\v1.0\;C:\windows\System32\OpenSSH\;D:\jdk\jdk-20.0.2\bin;C:\Program Files\Git\cmd;C:\Program Files\Microsoft SQL Server\150\Tools\Binn\;C:\Program Files\Microsoft SQL Server\Client SDK\ODBC\170\Tools\Binn\;C:\Program Files\dotnet\;C:\Program Files\nodejs\;C:\Users\Alumno\AppData\Local\Microsoft\WindowsApps;C:\Users\Alumno\AppData\Local\Programs\Microsoft VS Code\bin;C:\Users\Alumno\.dotnet\tools;C:\Users\Alumno\AppData\Roaming\npm;C:\Users\Alumno\AppData\Local\gitkraken\bin;D:\gcc-13.2.0-no-debug\bin;C:\Program Files (x86)\Brackets\;D:\jdk\jdk\jdk-20.0.2\bin;
USERNAME=Alumno
OS=Windows_NT
PROCESSOR_IDENTIFIER=AMD64 Family 23 Model 1 Stepping 1, AuthenticAMD
TMP=C:\Users\Alumno\AppData\Local\Temp
TEMP=C:\Users\Alumno\AppData\Local\Temp


JNI global refs:
JNI global refs: 19, weak refs: 0

JNI global refs memory usage: 843, weak refs: 841


---------------  S Y S T E M  ---------------

OS:
 Windows 10 , 64 bit Build 19041 (10.0.19041.3570)
OS uptime: 0 days 2:02 hours
Hyper-V role detected

CPU: total 16 (initial active 16) (16 cores per cpu, 2 threads per core) family 23 model 1 stepping 1 microcode 0x0, cx8, cmov, fxsr, ht, mmx, 3dnowpref, sse, sse2, sse3, ssse3, sse4a, sse4.1, sse4.2, popcnt, lzcnt, tsc, tscinvbit, avx, avx2, aes, clmul, bmi1, bmi2, adx, sha, fma, vzeroupper, clflush, clflushopt, hv

Memory: 4k page, system-wide physical 16320M (1991M free)
TotalPageFile size 16576M (AvailPageFile size 74M)
current process WorkingSet (physical memory assigned to process): 240M, peak: 262M
current process commit charge ("private bytes"): 287M, peak: 385M

vm_info: OpenJDK 64-Bit Server VM (17.0.6+0-b2043.56-10027231) for windows-amd64 JRE (17.0.6+0-b2043.56-10027231), built on Apr 28 2023 00:43:19 by "androidbuild" with MS VC++ 16.10 / 16.11 (VS2019)

END.
